<?xml version="1.0" encoding="UTF-8"?>
<!-- Generated by org.testng.reporters.JUnitReportReporter -->
<testsuite hostname="LAPTOP-70MIPCT5" failures="0" tests="1" name="flipkart.TestCase01" time="0.010" errors="0" timestamp="2022-09-13T11:23:40 IST" skipped="0">
  <testcase classname="flipkart.TestCase01" name="addToCart" time="0.010"/>
  <system-out/>
</testsuite> <!-- flipkart.TestCase01 -->
